  main.cpp
D:\Programms\Visual Studio\Snake\Snake\main.cpp(224,97): warning C4244: аргумент: преобразование "_Ty2" в "float", возможна потеря данных
          with
          [
              _Ty2=int
          ]
D:\Programms\Visual Studio\Snake\Snake\main.cpp(224,65): warning C4244: аргумент: преобразование "_Ty1" в "float", возможна потеря данных
          with
          [
              _Ty1=int
          ]
D:\Programms\Visual Studio\Snake\Snake\main.cpp(254,151): warning C4244: аргумент: преобразование "_Ty2" в "float", возможна потеря данных
          with
          [
              _Ty2=int
          ]
D:\Programms\Visual Studio\Snake\Snake\main.cpp(254,88): warning C4244: аргумент: преобразование "_Ty1" в "float", возможна потеря данных
          with
          [
              _Ty1=int
          ]
D:\Programms\Visual Studio\Snake\Snake\main.cpp(380,12): warning C4244: аргумент: преобразование "time_t" в "unsigned int", возможна потеря данных
D:\Programms\Visual Studio\Snake\Snake\main.cpp(497,15): warning C4244: инициализация: преобразование "T" в "int", возможна потеря данных
          with
          [
              T=float
          ]
D:\Programms\Visual Studio\Snake\Snake\main.cpp(499,16): warning C4244: инициализация: преобразование "T" в "int", возможна потеря данных
          with
          [
              T=float
          ]
D:\Programms\Visual Studio\Snake\Snake\main.cpp(554,39): warning C4244: аргумент: преобразование "unsigned int" в "float", возможна потеря данных
D:\Programms\Visual Studio\Snake\Snake\main.cpp(554,31): warning C4244: аргумент: преобразование "unsigned int" в "float", возможна потеря данных
D:\Programms\Visual Studio\Snake\Snake\main.cpp(596,41): warning C4244: аргумент: преобразование "unsigned int" в "float", возможна потеря данных
D:\Programms\Visual Studio\Snake\Snake\main.cpp(596,33): warning C4244: аргумент: преобразование "unsigned int" в "float", возможна потеря данных
C:\Program Files (x86)\Microsoft Visual Studio\2019\Community\VC\Tools\MSVC\14.29.30133\include\utility(249,16): warning C4244: инициализация: преобразование "_Ty" в "_Ty1", возможна потеря данных
          with
          [
              _Ty=float
          ]
          and
          [
              _Ty1=int
          ]
D:\Programms\Visual Studio\Snake\Snake\main.cpp(210): message : выполняется компиляция ссылки на экземпляр шаблон функции "std::pair<int,int>::pair<float,float,0>(std::pair<float,float> &&) noexcept"
D:\Programms\Visual Studio\Snake\Snake\main.cpp(210): message : выполняется компиляция ссылки на экземпляр шаблон функции "std::pair<int,int>::pair<float,float,0>(std::pair<float,float> &&) noexcept"
C:\Program Files (x86)\Microsoft Visual Studio\2019\Community\VC\Tools\MSVC\14.29.30133\include\utility(249,61): warning C4244: инициализация: преобразование "_Ty" в "_Ty2", возможна потеря данных
          with
          [
              _Ty=float
          ]
          and
          [
              _Ty2=int
          ]
  Создание кода
  0 of 359 functions ( 0.0%) were compiled, the rest were copied from previous compilation.
    0 functions were new in current compilation
    0 functions had inline decision re-evaluated but remain unchanged
  Создание кода завершено
  Snake.vcxproj -> D:\Programms\Visual Studio\Snake\Release\Snake.exe
